0 info it worked if it ends with ok
1 verbose cli [ '/Users/fabian/.nvm/versions/node/v5.0.0/bin/node',
1 verbose cli   '/Users/fabian/.nvm/versions/node/v5.0.0/bin/npm',
1 verbose cli   'install',
1 verbose cli   '--save',
1 verbose cli   'fs' ]
2 info using npm@3.3.6
3 info using node@v5.0.0
4 silly loadCurrentTree Starting
5 silly install loadCurrentTree
6 silly install readLocalPackageData
7 silly fetchPackageMetaData fs
8 silly fetchNamedPackageData fs
9 silly mapToRegistry name fs
10 silly mapToRegistry using default registry
11 silly mapToRegistry registry https://registry.npmjs.org/
12 silly mapToRegistry uri https://registry.npmjs.org/fs
13 verbose request uri https://registry.npmjs.org/fs
14 verbose request no auth needed
15 info attempt registry request try #1 at 6:25:54 AM
16 verbose request id 9e6f921b45ee18f0
17 http request GET https://registry.npmjs.org/fs
18 http 200 https://registry.npmjs.org/fs
19 verbose headers { server: 'nginx/1.10.1',
19 verbose headers   'content-type': 'application/json',
19 verbose headers   'last-modified': 'Sun, 09 Apr 2017 10:35:23 GMT',
19 verbose headers   etag: 'W/"58ea0e6b-d6c"',
19 verbose headers   'content-encoding': 'gzip',
19 verbose headers   'cache-control': 'max-age=300',
19 verbose headers   'content-length': '1028',
19 verbose headers   'accept-ranges': 'bytes',
19 verbose headers   date: 'Fri, 21 Apr 2017 04:25:54 GMT',
19 verbose headers   via: '1.1 varnish',
19 verbose headers   age: '0',
19 verbose headers   connection: 'keep-alive',
19 verbose headers   'x-served-by': 'cache-fra1225-FRA',
19 verbose headers   'x-cache': 'HIT',
19 verbose headers   'x-cache-hits': '1',
19 verbose headers   'x-timer': 'S1492748755.579560,VS0,VE1',
19 verbose headers   vary: 'Accept-Encoding' }
20 silly get cb [ 200,
20 silly get   { server: 'nginx/1.10.1',
20 silly get     'content-type': 'application/json',
20 silly get     'last-modified': 'Sun, 09 Apr 2017 10:35:23 GMT',
20 silly get     etag: 'W/"58ea0e6b-d6c"',
20 silly get     'content-encoding': 'gzip',
20 silly get     'cache-control': 'max-age=300',
20 silly get     'content-length': '1028',
20 silly get     'accept-ranges': 'bytes',
20 silly get     date: 'Fri, 21 Apr 2017 04:25:54 GMT',
20 silly get     via: '1.1 varnish',
20 silly get     age: '0',
20 silly get     connection: 'keep-alive',
20 silly get     'x-served-by': 'cache-fra1225-FRA',
20 silly get     'x-cache': 'HIT',
20 silly get     'x-cache-hits': '1',
20 silly get     'x-timer': 'S1492748755.579560,VS0,VE1',
20 silly get     vary: 'Accept-Encoding' } ]
21 verbose get saving fs to /Users/fabian/.npm/registry.npmjs.org/fs/.cache.json
22 silly install normalizeTree
23 silly loadCurrentTree Finishing
24 silly loadIdealTree Starting
25 silly install loadIdealTree
26 silly cloneCurrentTree Starting
27 silly install cloneCurrentTreeToIdealTree
28 silly cloneCurrentTree Finishing
29 silly loadShrinkwrap Starting
30 silly install loadShrinkwrap
31 silly loadShrinkwrap Finishing
32 silly loadAllDepsIntoIdealTree Starting
33 silly install loadAllDepsIntoIdealTree
34 silly resolveWithNewModule fs@0.0.0 checking installable status
35 silly cache add args [ 'fs', null ]
36 verbose cache add spec fs
37 silly cache add parsed spec Result {
37 silly cache add   raw: 'fs',
37 silly cache add   scope: null,
37 silly cache add   name: 'fs',
37 silly cache add   rawSpec: '',
37 silly cache add   spec: '*',
37 silly cache add   type: 'range' }
38 silly addNamed fs@*
39 verbose addNamed "*" is a valid semver range for fs
40 silly addNameRange { name: 'fs', range: '*', hasData: false }
41 silly mapToRegistry name fs
42 silly mapToRegistry using default registry
43 silly mapToRegistry registry https://registry.npmjs.org/
44 silly mapToRegistry uri https://registry.npmjs.org/fs
45 verbose addNameRange registry:https://registry.npmjs.org/fs not in flight; fetching
46 verbose get https://registry.npmjs.org/fs not expired, no request
47 silly addNameRange number 2 { name: 'fs', range: '*', hasData: true }
48 silly addNameRange versions [ 'fs', [ '0.0.1-security', '0.0.0', '0.0.2' ] ]
49 silly addNamed fs@0.0.2
50 verbose addNamed "0.0.2" is a plain semver version for fs
51 silly mapToRegistry name fs
52 silly mapToRegistry using default registry
53 silly mapToRegistry registry https://registry.npmjs.org/
54 silly mapToRegistry uri https://registry.npmjs.org/fs
55 verbose addRemoteTarball https://registry.npmjs.org/fs/-/fs-0.0.2.tgz not in flight; adding
56 verbose addRemoteTarball [ 'https://registry.npmjs.org/fs/-/fs-0.0.2.tgz',
56 verbose addRemoteTarball   'e1f244ef3933c1b2a64bd4799136060d0f5914f8' ]
57 info retry fetch attempt 1 at 6:25:54 AM
58 info attempt registry request try #1 at 6:25:54 AM
59 http fetch GET https://registry.npmjs.org/fs/-/fs-0.0.2.tgz
60 http fetch 200 https://registry.npmjs.org/fs/-/fs-0.0.2.tgz
61 silly fetchAndShaCheck shasum e1f244ef3933c1b2a64bd4799136060d0f5914f8
62 verbose addTmpTarball /var/folders/bz/pnsbmk2n1t7_9b8nptvg9b2r0000gn/T/npm-7020-7efae356/registry.npmjs.org/fs/-/fs-0.0.2.tgz not in flight; adding
63 verbose addTmpTarball already have metadata; skipping unpack for fs@0.0.2
64 silly cache afterAdd fs@0.0.2
65 verbose afterAdd /Users/fabian/.npm/fs/0.0.2/package/package.json not in flight; writing
66 verbose afterAdd /Users/fabian/.npm/fs/0.0.2/package/package.json written
67 silly rollbackFailedOptional Starting
68 silly rollbackFailedOptional Finishing
69 silly runTopLevelLifecycles Starting
70 silly runTopLevelLifecycles Finishing
71 silly install printInstalled
72 verbose stack Error: Error extracting /Users/fabian/.npm/fs/0.0.0/package.tgz archive: ENOENT: no such file or directory, open '/Users/fabian/.npm/fs/0.0.0/package.tgz'
72 verbose stack     at ReadStream.<anonymous> (/Users/fabian/.nvm/versions/node/v5.0.0/lib/node_modules/npm/lib/fetch-package-metadata.js:276:10)
72 verbose stack     at emitOne (events.js:77:13)
72 verbose stack     at ReadStream.emit (events.js:169:7)
72 verbose stack     at /Users/fabian/.nvm/versions/node/v5.0.0/lib/node_modules/npm/node_modules/graceful-fs/graceful-fs.js:179:14
72 verbose stack     at /Users/fabian/.nvm/versions/node/v5.0.0/lib/node_modules/npm/node_modules/graceful-fs/graceful-fs.js:230:16
72 verbose stack     at FSReqWrap.oncomplete (fs.js:82:15)
73 verbose cwd /Users/fabian/dev/templates/nodejs-express-seed
74 error Darwin 16.4.0
75 error argv "/Users/fabian/.nvm/versions/node/v5.0.0/bin/node" "/Users/fabian/.nvm/versions/node/v5.0.0/bin/npm" "install" "--save" "fs"
76 error node v5.0.0
77 error npm  v3.3.6
78 error code EREADFILE
79 error Error extracting /Users/fabian/.npm/fs/0.0.0/package.tgz archive: ENOENT: no such file or directory, open '/Users/fabian/.npm/fs/0.0.0/package.tgz'
80 error If you need help, you may report this error at:
80 error     <https://github.com/npm/npm/issues>
81 verbose exit [ 1, true ]
