{"level":"info","message":"Magic happens on port 8080","timestamp":"2016-07-30T09:23:58.201Z"}
{"level":"info","message":"Magic happens on port 8080","timestamp":"2016-07-30T09:57:23.393Z"}
{"level":"info","message":"Magic happens on port 8080","timestamp":"2016-07-30T10:00:33.479Z"}
{"level":"info","message":"Magic happens on port 8080","timestamp":"2016-07-30T10:01:44.393Z"}
{"level":"info","message":"Magic happens on port 8080","timestamp":"2016-07-30T10:03:05.799Z"}
{"level":"info","message":"Magic happens on port 8080","timestamp":"2016-07-30T10:04:00.929Z"}
{"level":"info","message":"Magic happens on port 8080","timestamp":"2016-07-30T10:04:43.191Z"}
{"level":"info","message":"Magic happens on port 8080","timestamp":"2016-07-30T10:06:42.882Z"}
{"level":"info","message":"Magic happens on port 8080","timestamp":"2016-07-30T10:08:44.980Z"}
{"email":"fabian@schaper.li","pwd":"1234","level":"info","message":"","timestamp":"2016-07-30T10:08:54.732Z"}
{"message":"Sessions removed","data":null,"code":200,"level":"info","timestamp":"2016-07-30T10:08:54.736Z"}
{"level":"info","message":"Magic happens on port 8080","timestamp":"2016-07-30T10:09:41.772Z"}
{"0":{"$__":{"strictMode":true,"getters":{},"wasPopulated":false,"activePaths":{"paths":{"ts":"init","active":"init","__v":"init","name":"init","pwd":"init","email":"init","_id":"init"},"states":{"ignore":{},"default":{},"init":{"__v":true,"ts":true,"active":true,"name":true,"pwd":true,"email":true,"_id":true},"modify":{},"require":{}},"stateNames":["require","modify","init","default","ignore"]},"emitter":{"domain":null,"_events":{},"_eventsCount":0,"_maxListeners":0}},"isNew":false,"_doc":{"ts":"2016-07-30T09:23:58.161Z","active":true,"__v":0,"name":"Fabian Schaper","pwd":"81dc9bdb52d04dc20036dbd8313ed055","email":"fabian@schaper.li","_id":{"_bsontype":"ObjectID","id":"Wr7îª\u0016Ò\t/¨\u0006"}},"_pres":{"$__original_save":[null,null],"$__original_remove":[null]},"_posts":{"$__original_save":[],"$__original_remove":[]}},"level":"info","message":"","timestamp":"2016-07-30T10:09:44.664Z"}
{"email":"fabian@schaper.li","pwd":"1234","level":"info","message":"","timestamp":"2016-07-30T10:09:44.666Z"}
{"message":"Sessions removed","data":null,"code":200,"level":"info","timestamp":"2016-07-30T10:09:44.670Z"}
{"level":"info","message":"Magic happens on port 8080","timestamp":"2016-07-30T10:13:22.803Z"}
{"email":"fabian@schaper.li","pwd":"1234","level":"info","message":"","timestamp":"2016-07-30T10:13:25.642Z"}
{"0":{"$__":{"strictMode":true,"getters":{},"wasPopulated":false,"activePaths":{"paths":{"ts":"init","active":"init","__v":"init","name":"init","pwd":"init","email":"init","_id":"init"},"states":{"ignore":{},"default":{},"init":{"__v":true,"ts":true,"active":true,"name":true,"pwd":true,"email":true,"_id":true},"modify":{},"require":{}},"stateNames":["require","modify","init","default","ignore"]},"emitter":{"domain":null,"_events":{},"_eventsCount":0,"_maxListeners":0}},"isNew":false,"_doc":{"ts":"2016-07-30T09:23:58.161Z","active":true,"__v":0,"name":"Fabian Schaper","pwd":"81dc9bdb52d04dc20036dbd8313ed055","email":"fabian@schaper.li","_id":{"_bsontype":"ObjectID","id":"Wr7îª\u0016Ò\t/¨\u0006"}},"_pres":{"$__original_save":[null,null],"$__original_remove":[null]},"_posts":{"$__original_save":[],"$__original_remove":[]}},"level":"info","message":"","timestamp":"2016-07-30T10:13:25.645Z"}
{"message":"Sessions removed","data":null,"code":200,"level":"info","timestamp":"2016-07-30T10:13:25.650Z"}
{"level":"info","message":"Magic happens on port 8080","timestamp":"2016-07-30T11:37:40.633Z"}
{"email":"fabian@schaper.li","pwd":"1234","level":"info","message":"","timestamp":"2016-07-30T11:37:47.763Z"}
{"$__":{"strictMode":true,"getters":{},"wasPopulated":false,"activePaths":{"paths":{"ts":"init","active":"init","__v":"init","name":"init","pwd":"init","email":"init","_id":"init"},"states":{"ignore":{},"default":{},"init":{"__v":true,"ts":true,"active":true,"name":true,"pwd":true,"email":true,"_id":true},"modify":{},"require":{}},"stateNames":["require","modify","init","default","ignore"]},"emitter":{"domain":null,"_events":{},"_eventsCount":0,"_maxListeners":0}},"isNew":false,"_doc":{"ts":"2016-07-30T09:23:58.161Z","active":true,"__v":0,"name":"Fabian Schaper","pwd":"81dc9bdb52d04dc20036dbd8313ed055","email":"fabian@schaper.li","_id":{"_bsontype":"ObjectID","id":"Wr7îª\u0016Ò\t/¨\u0006"}},"_pres":{"$__original_save":[null,null],"$__original_remove":[null]},"_posts":{"$__original_save":[],"$__original_remove":[]},"level":"info","message":"","timestamp":"2016-07-30T11:37:47.766Z"}
{"message":"Sessions removed","data":null,"code":200,"level":"info","timestamp":"2016-07-30T11:37:47.771Z"}
{"email":"fabian@schaper.li","pwd":"1234","level":"info","message":"","timestamp":"2016-07-30T11:37:53.866Z"}
{"$__":{"strictMode":true,"getters":{},"wasPopulated":false,"activePaths":{"paths":{"ts":"init","active":"init","__v":"init","name":"init","pwd":"init","email":"init","_id":"init"},"states":{"ignore":{},"default":{},"init":{"__v":true,"ts":true,"active":true,"name":true,"pwd":true,"email":true,"_id":true},"modify":{},"require":{}},"stateNames":["require","modify","init","default","ignore"]},"emitter":{"domain":null,"_events":{},"_eventsCount":0,"_maxListeners":0}},"isNew":false,"_doc":{"ts":"2016-07-30T09:23:58.161Z","active":true,"__v":0,"name":"Fabian Schaper","pwd":"81dc9bdb52d04dc20036dbd8313ed055","email":"fabian@schaper.li","_id":{"_bsontype":"ObjectID","id":"Wr7îª\u0016Ò\t/¨\u0006"}},"_pres":{"$__original_save":[null,null],"$__original_remove":[null]},"_posts":{"$__original_save":[],"$__original_remove":[]},"level":"info","message":"","timestamp":"2016-07-30T11:37:53.869Z"}
{"message":"Sessions removed","data":null,"code":200,"level":"info","timestamp":"2016-07-30T11:37:53.871Z"}
{"email":"fabian@schaper.li","pwd":"1234","level":"info","message":"","timestamp":"2016-07-30T11:37:55.148Z"}
{"$__":{"strictMode":true,"getters":{},"wasPopulated":false,"activePaths":{"paths":{"ts":"init","active":"init","__v":"init","name":"init","pwd":"init","email":"init","_id":"init"},"states":{"ignore":{},"default":{},"init":{"__v":true,"ts":true,"active":true,"name":true,"pwd":true,"email":true,"_id":true},"modify":{},"require":{}},"stateNames":["require","modify","init","default","ignore"]},"emitter":{"domain":null,"_events":{},"_eventsCount":0,"_maxListeners":0}},"isNew":false,"_doc":{"ts":"2016-07-30T09:23:58.161Z","active":true,"__v":0,"name":"Fabian Schaper","pwd":"81dc9bdb52d04dc20036dbd8313ed055","email":"fabian@schaper.li","_id":{"_bsontype":"ObjectID","id":"Wr7îª\u0016Ò\t/¨\u0006"}},"_pres":{"$__original_save":[null,null],"$__original_remove":[null]},"_posts":{"$__original_save":[],"$__original_remove":[]},"level":"info","message":"","timestamp":"2016-07-30T11:37:55.150Z"}
{"message":"Sessions removed","data":null,"code":200,"level":"info","timestamp":"2016-07-30T11:37:55.154Z"}
{"level":"info","message":"Magic happens on port 8080","timestamp":"2016-07-30T11:48:36.111Z"}
{"level":"info","message":"Magic happens on port 8080","timestamp":"2016-07-30T11:49:33.157Z"}
{"level":"info","message":"Magic happens on port 8080","timestamp":"2016-07-30T11:50:30.143Z"}
{"level":"info","message":"Magic happens on port 8080","timestamp":"2016-07-30T12:29:33.684Z"}
{"email":"fabian@schaper.li","pwd":"1234","level":"info","message":"","timestamp":"2016-07-30T12:29:56.325Z"}
{"$__":{"strictMode":true,"getters":{},"wasPopulated":false,"activePaths":{"paths":{"ts":"init","active":"init","__v":"init","name":"init","pwd":"init","email":"init","_id":"init"},"states":{"ignore":{},"default":{},"init":{"__v":true,"ts":true,"active":true,"name":true,"pwd":true,"email":true,"_id":true},"modify":{},"require":{}},"stateNames":["require","modify","init","default","ignore"]},"emitter":{"domain":null,"_events":{},"_eventsCount":0,"_maxListeners":0}},"isNew":false,"_doc":{"ts":"2016-07-30T12:29:33.637Z","active":true,"__v":0,"name":"Fabian Schaper","pwd":"81dc9bdb52d04dc20036dbd8313ed055","email":"fabian@schaper.li","_id":{"_bsontype":"ObjectID","id":"Wº²\u0007ý\u000bp­\u0003"}},"_pres":{"$__original_save":[null,null],"$__original_remove":[null]},"_posts":{"$__original_save":[],"$__original_remove":[]},"level":"info","message":"","timestamp":"2016-07-30T12:29:56.346Z"}
{"message":"Sessions removed","data":null,"code":200,"level":"info","timestamp":"2016-07-30T12:29:56.353Z"}
{"level":"info","message":"Magic happens on port 8080","timestamp":"2016-07-30T12:30:47.888Z"}
{"email":"fabian@schaper.li","pwd":"1234","level":"info","message":"","timestamp":"2016-07-30T12:31:13.438Z"}
{"$__":{"strictMode":true,"getters":{},"wasPopulated":false,"activePaths":{"paths":{"ts":"init","active":"init","__v":"init","name":"init","pwd":"init","email":"init","_id":"init"},"states":{"ignore":{},"default":{},"init":{"__v":true,"ts":true,"active":true,"name":true,"pwd":true,"email":true,"_id":true},"modify":{},"require":{}},"stateNames":["require","modify","init","default","ignore"]},"emitter":{"domain":null,"_events":{},"_eventsCount":0,"_maxListeners":0}},"isNew":false,"_doc":{"ts":"2016-07-30T12:29:33.637Z","active":true,"__v":0,"name":"Fabian Schaper","pwd":"81dc9bdb52d04dc20036dbd8313ed055","email":"fabian@schaper.li","_id":{"_bsontype":"ObjectID","id":"Wº²\u0007ý\u000bp­\u0003"}},"_pres":{"$__original_save":[null,null],"$__original_remove":[null]},"_posts":{"$__original_save":[],"$__original_remove":[]},"level":"info","message":"","timestamp":"2016-07-30T12:31:13.440Z"}
{"message":"Sessions removed","data":null,"code":200,"level":"info","timestamp":"2016-07-30T12:31:13.457Z"}
{"level":"info","message":"Magic happens on port 8080","timestamp":"2016-07-30T12:32:21.607Z"}
